<?xml version="1.0" encoding="UTF-8"?>
<testng-results total="2" passed="2" failed="0" skipped="0">
  <reporter-output>
  </reporter-output>
  <suite started-at="2023-08-04T06:12:30Z" name="Suite" finished-at="2023-08-04T06:12:58Z" duration-ms="28073">
    <groups>
    </groups>
    <test started-at="2023-08-04T06:12:30Z" name="LoginTest" finished-at="2023-08-04T06:12:42Z" duration-ms="12141">
      <class name="com.ibm.fst.nopcomm.exercise.tests.LoginTest">
        <test-method is-config="true" signature="launchApp()[pri:0, instance:com.ibm.fst.nopcomm.exercise.tests.LoginTest@1f75a668]" started-at="2023-08-04T11:42:30Z" name="launchApp" finished-at="2023-08-04T11:42:33Z" duration-ms="3146" status="PASS">
          <reporter-output>
          </reporter-output>
        </test-method> <!-- launchApp -->
        <test-method signature="verifyLoginFunctionality(java.lang.String, java.lang.String, boolean, java.lang.String, java.lang.String)[pri:0, instance:com.ibm.fst.nopcomm.exercise.tests.LoginTest@1f75a668]" started-at="2023-08-04T11:42:33Z" name="verifyLoginFunctionality" data-provider="login" finished-at="2023-08-04T11:42:36Z" duration-ms="2815" status="PASS">
          <params>
            <param index="0">
              <value>
                <![CDATA[admin@yourstore.com]]>
              </value>
            </param>
            <param index="1">
              <value>
                <![CDATA[admin]]>
              </value>
            </param>
            <param index="2">
              <value>
                <![CDATA[false]]>
              </value>
            </param>
            <param index="3">
              <value>
                <![CDATA[Your store. Login]]>
              </value>
            </param>
            <param index="4">
              <value>
                <![CDATA[Dashboard / nopCommerce administration]]>
              </value>
            </param>
          </params>
          <reporter-output>
          </reporter-output>
        </test-method> <!-- verifyLoginFunctionality -->
        <test-method is-config="true" signature="closeApp()[pri:0, instance:com.ibm.fst.nopcomm.exercise.tests.LoginTest@1f75a668]" started-at="2023-08-04T11:42:36Z" name="closeApp" finished-at="2023-08-04T11:42:42Z" duration-ms="6171" status="PASS">
          <reporter-output>
          </reporter-output>
        </test-method> <!-- closeApp -->
      </class> <!-- com.ibm.fst.nopcomm.exercise.tests.LoginTest -->
    </test> <!-- LoginTest -->
    <test started-at="2023-08-04T06:12:42Z" name="CustomerSearchTest" finished-at="2023-08-04T06:12:58Z" duration-ms="15919">
      <class name="com.ibm.fst.nopcomm.exercise.tests.CustomerSearchTest">
        <test-method is-config="true" signature="launchApp()[pri:0, instance:com.ibm.fst.nopcomm.exercise.tests.CustomerSearchTest@5e3d57c7]" started-at="2023-08-04T11:42:42Z" name="launchApp" finished-at="2023-08-04T11:42:45Z" duration-ms="2813" status="PASS">
          <reporter-output>
          </reporter-output>
        </test-method> <!-- launchApp -->
        <test-method signature="verifyCustomerFunctionality(java.lang.String, java.lang.String, boolean, java.lang.String, java.lang.String, java.lang.String, java.lang.String)[pri:0, instance:com.ibm.fst.nopcomm.exercise.tests.CustomerSearchTest@5e3d57c7]" started-at="2023-08-04T11:42:45Z" name="verifyCustomerFunctionality" data-provider="CustomerSearch" finished-at="2023-08-04T11:42:52Z" duration-ms="6949" status="PASS">
          <params>
            <param index="0">
              <value>
                <![CDATA[admin@yourstore.com]]>
              </value>
            </param>
            <param index="1">
              <value>
                <![CDATA[admin]]>
              </value>
            </param>
            <param index="2">
              <value>
                <![CDATA[false]]>
              </value>
            </param>
            <param index="3">
              <value>
                <![CDATA[Dashboard]]>
              </value>
            </param>
            <param index="4">
              <value>
                <![CDATA[email]]>
              </value>
            </param>
            <param index="5">
              <value>
                <![CDATA[admin@yourstore.com]]>
              </value>
            </param>
            <param index="6">
              <value>
                <![CDATA[John Smith]]>
              </value>
            </param>
          </params>
          <reporter-output>
          </reporter-output>
        </test-method> <!-- verifyCustomerFunctionality -->
        <test-method is-config="true" signature="closeApp()[pri:0, instance:com.ibm.fst.nopcomm.exercise.tests.CustomerSearchTest@5e3d57c7]" started-at="2023-08-04T11:42:52Z" name="closeApp" finished-at="2023-08-04T11:42:58Z" duration-ms="6156" status="PASS">
          <reporter-output>
          </reporter-output>
        </test-method> <!-- closeApp -->
      </class> <!-- com.ibm.fst.nopcomm.exercise.tests.CustomerSearchTest -->
    </test> <!-- CustomerSearchTest -->
  </suite> <!-- Suite -->
</testng-results>
