<?xml version="1.0" encoding="UTF-8"?>
<testng-results total="2" passed="2" failed="0" skipped="0">
  <reporter-output>
  </reporter-output>
  <suite started-at="2023-08-03T16:17:05Z" name="Suite" finished-at="2023-08-03T16:17:34Z" duration-ms="29108">
    <groups>
    </groups>
    <test started-at="2023-08-03T16:17:05Z" name="LoginTest" finished-at="2023-08-03T16:17:18Z" duration-ms="13176">
      <class name="com.ibm.fst.nopcomm.exercise.tests.LoginTest">
        <test-method is-config="true" signature="launchApp()[pri:0, instance:com.ibm.fst.nopcomm.exercise.tests.LoginTest@20c0a64d]" started-at="2023-08-03T21:47:05Z" name="launchApp" finished-at="2023-08-03T21:47:09Z" duration-ms="3906" status="PASS">
          <reporter-output>
          </reporter-output>
        </test-method> <!-- launchApp -->
        <test-method signature="verifyLoginFunctionality(java.lang.String, java.lang.String, boolean, java.lang.String, java.lang.String)[pri:0, instance:com.ibm.fst.nopcomm.exercise.tests.LoginTest@20c0a64d]" started-at="2023-08-03T21:47:09Z" name="verifyLoginFunctionality" data-provider="login" finished-at="2023-08-03T21:47:12Z" duration-ms="3056" status="PASS">
          <params>
            <param index="0">
              <value>
                <![CDATA[admin@yourstore.com]]>
              </value>
            </param>
            <param index="1">
              <value>
                <![CDATA[admin]]>
              </value>
            </param>
            <param index="2">
              <value>
                <![CDATA[false]]>
              </value>
            </param>
            <param index="3">
              <value>
                <![CDATA[Your store. Login]]>
              </value>
            </param>
            <param index="4">
              <value>
                <![CDATA[Dashboard / nopCommerce administration]]>
              </value>
            </param>
          </params>
          <reporter-output>
          </reporter-output>
        </test-method> <!-- verifyLoginFunctionality -->
        <test-method is-config="true" signature="closeApp()[pri:0, instance:com.ibm.fst.nopcomm.exercise.tests.LoginTest@20c0a64d]" started-at="2023-08-03T21:47:12Z" name="closeApp" finished-at="2023-08-03T21:47:18Z" duration-ms="6201" status="PASS">
          <reporter-output>
          </reporter-output>
        </test-method> <!-- closeApp -->
      </class> <!-- com.ibm.fst.nopcomm.exercise.tests.LoginTest -->
    </test> <!-- LoginTest -->
    <test started-at="2023-08-03T16:17:18Z" name="CustomerSearchTest" finished-at="2023-08-03T16:17:34Z" duration-ms="15919">
      <class name="com.ibm.fst.nopcomm.exercise.tests.CustomerSearchTest">
        <test-method is-config="true" signature="launchApp()[pri:0, instance:com.ibm.fst.nopcomm.exercise.tests.CustomerSearchTest@5ddcc487]" started-at="2023-08-03T21:47:18Z" name="launchApp" finished-at="2023-08-03T21:47:21Z" duration-ms="3064" status="PASS">
          <reporter-output>
          </reporter-output>
        </test-method> <!-- launchApp -->
        <test-method signature="verifyCustomerFunctionality(java.lang.String, java.lang.String, boolean, java.lang.String, java.lang.String, java.lang.String, java.lang.String)[pri:0, instance:com.ibm.fst.nopcomm.exercise.tests.CustomerSearchTest@5ddcc487]" started-at="2023-08-03T21:47:21Z" name="verifyCustomerFunctionality" data-provider="CustomerSearch" finished-at="2023-08-03T21:47:28Z" duration-ms="6658" status="PASS">
          <params>
            <param index="0">
              <value>
                <![CDATA[admin@yourstore.com]]>
              </value>
            </param>
            <param index="1">
              <value>
                <![CDATA[admin]]>
              </value>
            </param>
            <param index="2">
              <value>
                <![CDATA[false]]>
              </value>
            </param>
            <param index="3">
              <value>
                <![CDATA[Dashboard]]>
              </value>
            </param>
            <param index="4">
              <value>
                <![CDATA[email]]>
              </value>
            </param>
            <param index="5">
              <value>
                <![CDATA[admin@yourstore.com]]>
              </value>
            </param>
            <param index="6">
              <value>
                <![CDATA[John Smith]]>
              </value>
            </param>
          </params>
          <reporter-output>
          </reporter-output>
        </test-method> <!-- verifyCustomerFunctionality -->
        <test-method is-config="true" signature="closeApp()[pri:0, instance:com.ibm.fst.nopcomm.exercise.tests.CustomerSearchTest@5ddcc487]" started-at="2023-08-03T21:47:28Z" name="closeApp" finished-at="2023-08-03T21:47:34Z" duration-ms="6194" status="PASS">
          <reporter-output>
          </reporter-output>
        </test-method> <!-- closeApp -->
      </class> <!-- com.ibm.fst.nopcomm.exercise.tests.CustomerSearchTest -->
    </test> <!-- CustomerSearchTest -->
  </suite> <!-- Suite -->
</testng-results>
